c:\users\40766\source\repos\finall\x64\debug\vc143.pdb
c:\users\40766\source\repos\finall\x64\debug\vc143.idb
c:\users\40766\source\repos\finall\x64\debug\produss.obj
c:\users\40766\source\repos\finall\x64\debug\valp.obj
c:\users\40766\source\repos\finall\x64\debug\ui.obj
c:\users\40766\source\repos\finall\x64\debug\service.obj
c:\users\40766\source\repos\finall\x64\debug\repos.obj
c:\users\40766\source\repos\finall\x64\debug\repofile.obj
c:\users\40766\source\repos\finall\x64\debug\valpexc.obj
c:\users\40766\source\repos\finall\x64\debug\notfoundexception.obj
c:\users\40766\source\repos\finall\x64\debug\teste.obj
c:\users\40766\source\repos\finall\x64\debug\finall.obj
c:\users\40766\source\repos\finall\x64\debug\testerepo.obj
c:\users\40766\source\repos\finall\x64\debug\testeservice.obj
c:\users\40766\source\repos\finall\x64\debug\testerepofile.obj
c:\users\40766\source\repos\finall\x64\debug\testesrv.obj
c:\users\40766\source\repos\finall\x64\debug\finall.exe
c:\users\40766\source\repos\finall\x64\debug\finall.ilk
c:\users\40766\source\repos\finall\x64\debug\finall.pdb
c:\users\40766\source\repos\finall\x64\debug\finall.obj.enc
c:\users\40766\source\repos\finall\x64\debug\repos.obj.enc
c:\users\40766\source\repos\finall\x64\debug\testerepo.obj.enc
c:\users\40766\source\repos\finall\x64\debug\testeservice.obj.enc
c:\users\40766\source\repos\finall\x64\debug\testesrv.obj.enc
c:\users\40766\source\repos\finall\x64\debug\finall.tlog\cl.command.1.tlog
c:\users\40766\source\repos\finall\x64\debug\finall.tlog\cl.read.1.tlog
c:\users\40766\source\repos\finall\x64\debug\finall.tlog\cl.write.1.tlog
c:\users\40766\source\repos\finall\x64\debug\finall.tlog\link.command.1.tlog
c:\users\40766\source\repos\finall\x64\debug\finall.tlog\link.read.1.tlog
c:\users\40766\source\repos\finall\x64\debug\finall.tlog\link.write.1.tlog
