c:\users\40766\source\repos\aaaaa\x64\debug\vc143.pdb
c:\users\40766\source\repos\aaaaa\x64\debug\vc143.idb
c:\users\40766\source\repos\aaaaa\x64\debug\teste.obj
c:\users\40766\source\repos\aaaaa\x64\debug\lab1011.obj
c:\users\40766\source\repos\aaaaa\x64\debug\util.obj
c:\users\40766\source\repos\aaaaa\x64\debug\ui.obj
c:\users\40766\source\repos\aaaaa\x64\debug\service.obj
c:\users\40766\source\repos\aaaaa\x64\debug\repofile.obj
c:\users\40766\source\repos\aaaaa\x64\debug\repo.obj
c:\users\40766\source\repos\aaaaa\x64\debug\produs.obj
c:\users\40766\source\repos\aaaaa\x64\debug\aaaaa.obj
c:\users\40766\source\repos\aaaaa\x64\debug\testeservice.obj
c:\users\40766\source\repos\aaaaa\x64\debug\testerepo.obj
c:\users\40766\source\repos\aaaaa\x64\debug\testerepofile.obj
c:\users\40766\source\repos\aaaaa\x64\debug\aaaaa.pdb
c:\users\40766\source\repos\aaaaa\x64\debug\aaaaa.tlog\cl.command.1.tlog
c:\users\40766\source\repos\aaaaa\x64\debug\aaaaa.tlog\cl.read.1.tlog
c:\users\40766\source\repos\aaaaa\x64\debug\aaaaa.tlog\cl.write.1.tlog
c:\users\40766\source\repos\aaaaa\x64\debug\aaaaa.tlog\link-cvtres.read.1.tlog
c:\users\40766\source\repos\aaaaa\x64\debug\aaaaa.tlog\link-cvtres.write.1.tlog
c:\users\40766\source\repos\aaaaa\x64\debug\aaaaa.tlog\link-rc.read.1.tlog
c:\users\40766\source\repos\aaaaa\x64\debug\aaaaa.tlog\link-rc.write.1.tlog
c:\users\40766\source\repos\aaaaa\x64\debug\aaaaa.tlog\link.command.1.tlog
c:\users\40766\source\repos\aaaaa\x64\debug\aaaaa.tlog\link.read.1.tlog
c:\users\40766\source\repos\aaaaa\x64\debug\aaaaa.tlog\link.read.2.tlog
c:\users\40766\source\repos\aaaaa\x64\debug\aaaaa.tlog\link.write.1.tlog
